<?xml version="1.0" encoding="UTF-8"?>
<!-- Generated by org.testng.reporters.JUnitReportReporter -->
<testsuite skipped="0" hostname="EC2AMAZ-P962EEU" name="tests.NewTest" tests="1" failures="0" timestamp="2020-03-17T10:33:22 UTC" time="1.321" errors="0">
  <testcase name="openMyBlog" time="1.321" classname="tests.NewTest"/>
  <system-out/>
</testsuite> <!-- tests.NewTest -->
