<?xml version="1.0" encoding="UTF-8"?>
<!-- Generated by org.testng.reporters.JUnitReportReporter -->
<testsuite hostname="EC2AMAZ-P962EEU" name="tests.NewTest" tests="1" failures="0" timestamp="17 Mar 2020 12:00:50 GMT" time="1.054" errors="0">
  <testcase name="openMyBlog" time="1.054" classname="tests.NewTest"/>
</testsuite> <!-- tests.NewTest -->
